<?xml version="1.0" encoding="UTF-8"?>
<!-- Generated by org.testng.reporters.JUnitXMLReporter -->
<testsuite hostname="DESKTOP-VE77QOO" ignored="0" name="testscript" tests="3" failures="0" timestamp="2023-01-18T11:42:35 IST" time="0.123" errors="0">
  <testcase name="test2" time="0.012" classname="testscript.ConfigureExamples"/>
  <testcase name="test2" time="0.002" classname="testscript.CreateTest"/>
  <testcase name="test1" time="0.002" classname="testscript.ModifyTest"/>
</testsuite> <!-- testscript -->
