<?xml version="1.0" encoding="UTF-8"?>
<testng-results skipped="0" failed="0" ignored="0" total="1" passed="1">
  <reporter-output>
  </reporter-output>
  <suite name="Default suite" duration-ms="60" started-at="2023-01-18T11:43:18 IST" finished-at="2023-01-18T11:43:18 IST">
    <groups>
    </groups>
    <test name="Default test" duration-ms="60" started-at="2023-01-18T11:43:18 IST" finished-at="2023-01-18T11:43:18 IST">
      <class name="testscript.ConfigureExamples">
        <test-method status="PASS" signature="test2()[pri:0, instance:testscript.ConfigureExamples@3d921e20]" name="test2" duration-ms="10" started-at="2023-01-18T11:43:18 IST" finished-at="2023-01-18T11:43:18 IST">
          <reporter-output>
          </reporter-output>
        </test-method> <!-- test2 -->
      </class> <!-- testscript.ConfigureExamples -->
    </test> <!-- Default test -->
  </suite> <!-- Default suite -->
</testng-results>
